In file included from ../Utils:12,
                 from hungryvector_test.cpp:2:
../utils/Log:9:23: error: log/log.cpp: No such file or directory
In file included from ../utils/WordAggregator:2,
                 from ../Utils:15,
                 from hungryvector_test.cpp:2:
../utils/src/wordaggregator/wordaggregator.cpp: In member function ‘void TurnLeft::Utils::WordAggregator::parse(std::string&)’:
../utils/src/wordaggregator/wordaggregator.cpp:26: error: ‘Explosion’ was not declared in this scope
../utils/src/wordaggregator/wordaggregator.cpp:26: error: expected ‘;’ before ‘explosion’
../utils/src/wordaggregator/wordaggregator.cpp:27: error: ‘explosion’ was not declared in this scope
